<?xml version="1.0" encoding="UTF-8"?>
<!-- Generated by org.testng.reporters.JUnitReportReporter -->
<testsuite hostname="DESKTOP-8I12EEF" failures="0" tests="1" name="br.com.mbank.runners.RunCucumberTest" time="4.673" errors="0" timestamp="2021-08-06T18:04:00 BRT" skipped="0">
  <testcase classname="br.com.mbank.runners.RunCucumberTest" name="runScenario" time="4.673"/>
  <system-out/>
</testsuite> <!-- br.com.mbank.runners.RunCucumberTest -->
